<?xml version="1.0" encoding="UTF-8"?>
<robot generator="Robot 7.3.2 (Python 3.14.0 on win32)" generated="2026-05-28T11:59:29.858308" rpa="false" schemaversion="5">
<suite id="s1" name="Robot-Tests" source="C:\Users\turpe\OneDrive - Turun ammattikorkeakoulu\Uusi koulu\Ohjelmistotestaus\qa-practice\robot-tests">
<suite id="s1-s1" name="Invalid Login Test" source="C:\Users\turpe\OneDrive - Turun ammattikorkeakoulu\Uusi koulu\Ohjelmistotestaus\qa-practice\robot-tests\invalid_login_test.robot">
<test id="s1-s1-t1" name="Invalid Login Shows Error" line="10">
<kw name="Open Browser" owner="SeleniumLibrary">
<msg time="2026-05-28T11:59:30.081821" level="INFO">Opening browser 'Edge' to base url 'https://www.saucedemo.com/'.</msg>
<arg>${URL}</arg>
<arg>${BROWSER}</arg>
<arg>options=add_argument("--headless");add_argument("--no-sandbox")</arg>
<doc>Opens a new browser instance to the optional ``url``.</doc>
<status status="PASS" start="2026-05-28T11:59:30.081500" elapsed="1.587357"/>
</kw>
<kw name="Input Text" owner="SeleniumLibrary">
<msg time="2026-05-28T11:59:31.669584" level="INFO">Typing text 'standard_user' into text field 'id:user-name'.</msg>
<arg>id:user-name</arg>
<arg>standard_user</arg>
<doc>Types the given ``text`` into the text field identified by ``locator``.</doc>
<status status="PASS" start="2026-05-28T11:59:31.669130" elapsed="0.090871"/>
</kw>
<kw name="Input Password" owner="SeleniumLibrary">
<msg time="2026-05-28T11:59:31.760425" level="INFO">Typing password into text field 'id:password'.</msg>
<msg time="2026-05-28T11:59:31.781310" level="INFO">Temporally setting log level to: NONE</msg>
<arg>id:password</arg>
<arg>wrong_password</arg>
<doc>Types the given password into the text field identified by ``locator``.</doc>
<status status="PASS" start="2026-05-28T11:59:31.760219" elapsed="0.057205"/>
</kw>
<kw name="Click Button" owner="SeleniumLibrary">
<msg time="2026-05-28T11:59:31.818012" level="INFO">Clicking button 'id:login-button'.</msg>
<arg>id:login-button</arg>
<doc>Clicks the button identified by ``locator``.</doc>
<status status="PASS" start="2026-05-28T11:59:31.817626" elapsed="0.054966"/>
</kw>
<kw name="Wait Until Page Contains" owner="SeleniumLibrary">
<arg>Epic sadface</arg>
<doc>Waits until ``text`` appears on the current page.</doc>
<status status="PASS" start="2026-05-28T11:59:31.872861" elapsed="0.008889"/>
</kw>
<kw name="Close Browser" owner="SeleniumLibrary">
<doc>Closes the current browser.</doc>
<status status="PASS" start="2026-05-28T11:59:31.881927" elapsed="2.150852"/>
</kw>
<status status="PASS" start="2026-05-28T11:59:30.080662" elapsed="3.952469"/>
</test>
<status status="PASS" start="2026-05-28T11:59:29.888489" elapsed="4.145418"/>
</suite>
<suite id="s1-s2" name="Login Test" source="C:\Users\turpe\OneDrive - Turun ammattikorkeakoulu\Uusi koulu\Ohjelmistotestaus\qa-practice\robot-tests\login_test.robot">
<test id="s1-s2-t1" name="Successful Login" line="10">
<kw name="Open Browser" owner="SeleniumLibrary">
<msg time="2026-05-28T11:59:34.037966" level="INFO">Opening browser 'Edge' to base url 'https://www.saucedemo.com/'.</msg>
<arg>${URL}</arg>
<arg>${BROWSER}</arg>
<arg>options=add_argument("--headless");add_argument("--no-sandbox");add_argument("--disable-dev-shm-usage")</arg>
<doc>Opens a new browser instance to the optional ``url``.</doc>
<status status="PASS" start="2026-05-28T11:59:34.037647" elapsed="1.574291"/>
</kw>
<kw name="Input Text" owner="SeleniumLibrary">
<msg time="2026-05-28T11:59:35.612471" level="INFO">Typing text 'standard_user' into text field 'id:user-name'.</msg>
<arg>id:user-name</arg>
<arg>standard_user</arg>
<doc>Types the given ``text`` into the text field identified by ``locator``.</doc>
<status status="PASS" start="2026-05-28T11:59:35.612193" elapsed="0.084886"/>
</kw>
<kw name="Input Password" owner="SeleniumLibrary">
<msg time="2026-05-28T11:59:35.697457" level="INFO">Typing password into text field 'id:password'.</msg>
<msg time="2026-05-28T11:59:35.718725" level="INFO">Temporally setting log level to: NONE</msg>
<arg>id:password</arg>
<arg>secret_sauce</arg>
<doc>Types the given password into the text field identified by ``locator``.</doc>
<status status="PASS" start="2026-05-28T11:59:35.697265" elapsed="0.072063"/>
</kw>
<kw name="Click Button" owner="SeleniumLibrary">
<msg time="2026-05-28T11:59:35.769713" level="INFO">Clicking button 'id:login-button'.</msg>
<arg>id:login-button</arg>
<doc>Clicks the button identified by ``locator``.</doc>
<status status="PASS" start="2026-05-28T11:59:35.769520" elapsed="0.076764"/>
</kw>
<kw name="Wait Until Page Contains" owner="SeleniumLibrary">
<arg>Products</arg>
<doc>Waits until ``text`` appears on the current page.</doc>
<status status="PASS" start="2026-05-28T11:59:35.846511" elapsed="0.014172"/>
</kw>
<kw name="Close Browser" owner="SeleniumLibrary">
<doc>Closes the current browser.</doc>
<status status="PASS" start="2026-05-28T11:59:35.860939" elapsed="2.106970"/>
</kw>
<status status="PASS" start="2026-05-28T11:59:34.037190" elapsed="3.930941"/>
</test>
<status status="PASS" start="2026-05-28T11:59:34.034555" elapsed="3.934008"/>
</suite>
<suite id="s1-s3" name="Smoke Test" source="C:\Users\turpe\OneDrive - Turun ammattikorkeakoulu\Uusi koulu\Ohjelmistotestaus\qa-practice\robot-tests\smoke_test.robot">
<test id="s1-s3-t1" name="Smoke Test" line="5">
<kw name="Log" owner="BuiltIn">
<msg time="2026-05-28T11:59:37.971982" level="INFO">Robot Framework toimii</msg>
<arg>Robot Framework toimii</arg>
<doc>Logs the given message with the given level.</doc>
<status status="PASS" start="2026-05-28T11:59:37.971832" elapsed="0.000203"/>
</kw>
<kw name="Should Be True" owner="BuiltIn">
<arg>${True}</arg>
<doc>Fails if the given condition is not true.</doc>
<status status="PASS" start="2026-05-28T11:59:37.972120" elapsed="0.000109"/>
</kw>
<status status="PASS" start="2026-05-28T11:59:37.971452" elapsed="0.000855"/>
</test>
<status status="PASS" start="2026-05-28T11:59:37.969125" elapsed="0.003387"/>
</suite>
<status status="PASS" start="2026-05-28T11:59:29.860886" elapsed="8.111992"/>
</suite>
<statistics>
<total>
<stat pass="3" fail="0" skip="0">All Tests</stat>
</total>
<tag>
</tag>
<suite>
<stat name="Robot-Tests" id="s1" pass="3" fail="0" skip="0">Robot-Tests</stat>
<stat name="Invalid Login Test" id="s1-s1" pass="1" fail="0" skip="0">Robot-Tests.Invalid Login Test</stat>
<stat name="Login Test" id="s1-s2" pass="1" fail="0" skip="0">Robot-Tests.Login Test</stat>
<stat name="Smoke Test" id="s1-s3" pass="1" fail="0" skip="0">Robot-Tests.Smoke Test</stat>
</suite>
</statistics>
<errors>
</errors>
</robot>
